<?xml version="1.0" encoding="UTF-8"?>
<testsuite xmlns:xsi="http://www.w3.org/2001/XMLSchema-instance" xsi:noNamespaceSchemaLocation="https://maven.apache.org/surefire/maven-surefire-plugin/xsd/surefire-test-report.xsd" name="com.wongnai.interview.movie.search.DatabaseMovieSearchServiceIntegrationTest" time="0.369" tests="5" errors="0" skipped="0" failures="0">
  <properties>
[...]
</properties>
  <testcase name="testFindSingleKeywordContainInTitleWithCaseInsensitive" classname="com.wongnai.interview.movie.search.DatabaseMovieSearchServiceIntegrationTest" time="0"/>
  <testcase name="testPartialWordMustMatchMovies" classname="com.wongnai.interview.movie.search.DatabaseMovieSearchServiceIntegrationTest" time="0"/>
  <testcase name="testNotFoundMovie" classname="com.wongnai.interview.movie.search.DatabaseMovieSearchServiceIntegrationTest" time="0"/>
  <testcase name="testFindSingleKeywordContainInTitle" classname="com.wongnai.interview.movie.search.DatabaseMovieSearchServiceIntegrationTest" time="0"/>
  <testcase name="testFullMovieNameMustMatchMovie" classname="com.wongnai.interview.movie.search.DatabaseMovieSearchServiceIntegrationTest" time="0"/>
</testsuite>